0 info it worked if it ends with ok
1 verbose cli [ 'node', '/usr/local/bin/npm', 'install', 'ble-ble113a' ]
2 info using npm@2.1.17
3 info using node@v0.10.35
4 warn package.json tessel-code@1.0.0 No description
5 warn package.json tessel-code@1.0.0 No repository field.
6 warn package.json tessel-code@1.0.0 No README data
7 silly cache add args [ 'ble-ble113a', null ]
8 verbose cache add spec ble-ble113a
9 silly cache add parsed spec { raw: 'ble-ble113a',
9 silly cache add   scope: null,
9 silly cache add   name: 'ble-ble113a',
9 silly cache add   rawSpec: '',
9 silly cache add   spec: '*',
9 silly cache add   type: 'range' }
10 verbose addNamed ble-ble113a@*
11 silly addNamed semver.valid null
12 silly addNamed semver.validRange *
13 silly addNameRange { name: 'ble-ble113a', range: '*', hasData: false }
14 silly mapToRegistry name ble-ble113a
15 silly mapToRegistry using default registry
16 silly mapToRegistry registry https://registry.npmjs.org/
17 silly mapToRegistry uri https://registry.npmjs.org/ble-ble113a
18 verbose addNameRange registry:https://registry.npmjs.org/ble-ble113a not in flight; fetching
19 verbose request uri https://registry.npmjs.org/ble-ble113a
20 verbose request no auth needed
21 info attempt registry request try #1 at 19:03:54
22 verbose request id aafc489d9d39083f
23 http request GET https://registry.npmjs.org/ble-ble113a
24 http 200 https://registry.npmjs.org/ble-ble113a
25 silly get cb [ 200,
25 silly get   { date: 'Tue, 14 Apr 2015 02:03:52 GMT',
25 silly get     server: 'CouchDB/1.5.0 (Erlang OTP/R16B03)',
25 silly get     etag: '"D8GRA4MOW3R42AATJC47J2744"',
25 silly get     'content-type': 'application/json',
25 silly get     'cache-control': 'max-age=60',
25 silly get     'content-length': '74866',
25 silly get     'accept-ranges': 'bytes',
25 silly get     via: '1.1 varnish',
25 silly get     age: '0',
25 silly get     'x-served-by': 'cache-sjc3123-SJC',
25 silly get     'x-cache': 'MISS',
25 silly get     'x-cache-hits': '0',
25 silly get     'x-timer': 'S1428977031.880216,VS0,VE324',
25 silly get     vary: 'Accept',
25 silly get     'keep-alive': 'timeout=10, max=50',
25 silly get     connection: 'Keep-Alive' } ]
26 silly addNameRange number 2 { name: 'ble-ble113a', range: '*', hasData: true }
27 silly addNameRange versions [ 'ble-ble113a',
27 silly addNameRange   [ '0.0.1',
27 silly addNameRange     '0.0.25',
27 silly addNameRange     '0.0.26',
27 silly addNameRange     '0.0.27',
27 silly addNameRange     '0.0.28',
27 silly addNameRange     '0.0.29',
27 silly addNameRange     '0.0.30',
27 silly addNameRange     '0.0.31',
27 silly addNameRange     '0.1.0',
27 silly addNameRange     '0.1.1',
27 silly addNameRange     '0.1.2',
27 silly addNameRange     '0.1.3',
27 silly addNameRange     '0.1.4',
27 silly addNameRange     '0.1.5',
27 silly addNameRange     '0.1.6',
27 silly addNameRange     '0.1.7',
27 silly addNameRange     '0.1.8',
27 silly addNameRange     '0.1.9',
27 silly addNameRange     '0.1.10',
27 silly addNameRange     '0.1.11',
27 silly addNameRange     '0.1.12',
27 silly addNameRange     '0.2.0' ] ]
28 verbose addNamed ble-ble113a@0.2.0
29 silly addNamed semver.valid 0.2.0
30 silly addNamed semver.validRange 0.2.0
31 silly mapToRegistry name ble-ble113a
32 silly mapToRegistry using default registry
33 silly mapToRegistry registry https://registry.npmjs.org/
34 silly mapToRegistry uri https://registry.npmjs.org/ble-ble113a
35 verbose addRemoteTarball https://registry.npmjs.org/ble-ble113a/-/ble-ble113a-0.2.0.tgz not in flight; adding
36 verbose addRemoteTarball [ 'https://registry.npmjs.org/ble-ble113a/-/ble-ble113a-0.2.0.tgz',
36 verbose addRemoteTarball   '9ca398d887ba6fd1778b294617bda25566673532' ]
37 info retry fetch attempt 1 at 19:03:55
38 info attempt registry request try #1 at 19:03:55
39 http fetch GET https://registry.npmjs.org/ble-ble113a/-/ble-ble113a-0.2.0.tgz
40 http fetch 200 https://registry.npmjs.org/ble-ble113a/-/ble-ble113a-0.2.0.tgz
41 silly fetchAndShaCheck shasum 9ca398d887ba6fd1778b294617bda25566673532
42 verbose addTmpTarball /var/folders/1t/x4174ty52g94xcfhn84_gvw00000gn/T/npm-27561-6c2cc7e7/registry.npmjs.org/ble-ble113a/-/ble-ble113a-0.2.0.tgz not in flight; adding
43 verbose addTmpTarball already have metadata; skipping unpack for ble-ble113a@0.2.0
44 silly cache afterAdd ble-ble113a@0.2.0
45 verbose afterAdd /Users/maxwell/.npm/ble-ble113a/0.2.0/package/package.json not in flight; writing
46 verbose afterAdd /Users/maxwell/.npm/ble-ble113a/0.2.0/package/package.json written
47 silly install resolved [ { name: 'ble-ble113a',
47 silly install resolved     version: '0.2.0',
47 silly install resolved     description: 'Library to run the Bluetooth BLE113 Tessel Module.',
47 silly install resolved     main: 'index.js',
47 silly install resolved     scripts: { test: 'tinytap -e \'tessel run {} ${BLE_PORT1} ${BLE_PORT2}\' test/*.js' },
47 silly install resolved     repository: { type: 'git', url: 'git@github.com:tessel/ble-ble113a.git' },
47 silly install resolved     author: { name: 'Jon McKay', email: 'jon@technical.io' },
47 silly install resolved     license: 'MIT',
47 silly install resolved     directories: { example: 'examples' },
47 silly install resolved     keywords: [ 'tessel', 'bluetooth', 'ble', 'ble113' ],
47 silly install resolved     dependencies: { bglib: '^0.0.6', async: '^0.9.0' },
47 silly install resolved     devDependencies: { tinytap: '~0.2.0' },
47 silly install resolved     hardware:
47 silly install resolved      { './firmware_update/update-lib/v1.0.2.hex': false,
47 silly install resolved        './examples': false },
47 silly install resolved     gitHead: 'f11b867ff3466ea3b2f1c9e96d318985b590dc92',
47 silly install resolved     bugs: { url: 'https://github.com/tessel/ble-ble113a/issues' },
47 silly install resolved     homepage: 'https://github.com/tessel/ble-ble113a',
47 silly install resolved     _id: 'ble-ble113a@0.2.0',
47 silly install resolved     _shasum: '9ca398d887ba6fd1778b294617bda25566673532',
47 silly install resolved     _from: 'ble-ble113a@*',
47 silly install resolved     _npmVersion: '1.4.28',
47 silly install resolved     _npmUser: { name: 'technicalmachine', email: 'team@technical.io' },
47 silly install resolved     maintainers: [ [Object], [Object], [Object] ],
47 silly install resolved     dist:
47 silly install resolved      { shasum: '9ca398d887ba6fd1778b294617bda25566673532',
47 silly install resolved        tarball: 'http://registry.npmjs.org/ble-ble113a/-/ble-ble113a-0.2.0.tgz' },
47 silly install resolved     _resolved: 'https://registry.npmjs.org/ble-ble113a/-/ble-ble113a-0.2.0.tgz' } ]
48 info install ble-ble113a@0.2.0 into /Users/maxwell/tessel-code
49 info installOne ble-ble113a@0.2.0
50 verbose installOne of ble-ble113a to /Users/maxwell/tessel-code not in flight; installing
51 warn locking Error: EACCES, open '/Users/maxwell/.npm/_locks/ble-ble113a-55b51a8662a2f6aa.lock'
51 warn locking  /Users/maxwell/.npm/_locks/ble-ble113a-55b51a8662a2f6aa.lock failed { [Error: EACCES, open '/Users/maxwell/.npm/_locks/ble-ble113a-55b51a8662a2f6aa.lock']
51 warn locking   errno: 3,
51 warn locking   code: 'EACCES',
51 warn locking   path: '/Users/maxwell/.npm/_locks/ble-ble113a-55b51a8662a2f6aa.lock' }
52 verbose stack Error: Attempt to unlock /Users/maxwell/tessel-code/node_modules/ble-ble113a, which hasn't been locked
52 verbose stack     at unlock (/usr/local/lib/node_modules/npm/lib/utils/locker.js:66:11)
52 verbose stack     at cb (/usr/local/lib/node_modules/npm/lib/install.js:929:5)
52 verbose stack     at /usr/local/lib/node_modules/npm/lib/install.js:933:20
52 verbose stack     at /usr/local/lib/node_modules/npm/lib/utils/locker.js:40:9
52 verbose stack     at cb (/usr/local/lib/node_modules/npm/node_modules/lockfile/lockfile.js:149:38)
52 verbose stack     at /usr/local/lib/node_modules/npm/node_modules/lockfile/lockfile.js:177:38
52 verbose stack     at Object.oncomplete (fs.js:108:15)
53 verbose cwd /Users/maxwell/tessel-code/blinky.js
54 error Darwin 14.0.0
55 error argv "node" "/usr/local/bin/npm" "install" "ble-ble113a"
56 error node v0.10.35
57 error npm  v2.1.17
58 error Attempt to unlock /Users/maxwell/tessel-code/node_modules/ble-ble113a, which hasn't been locked
59 error If you need help, you may report this error at:
59 error     <http://github.com/npm/npm/issues>
60 verbose exit [ 1, true ]
